2024/08/16 21:27:19 [emerg] 1#1: host not found in upstream "php" in /etc/nginx/conf.d/mysite.loc.conf:11
2024/08/16 21:29:24 [emerg] 1#1: host not found in upstream "dev-php" in /etc/nginx/conf.d/mysite.loc.conf:11
2024/08/16 21:30:39 [notice] 1#1: using the "epoll" event method
2024/08/16 21:30:39 [notice] 1#1: nginx/1.27.0
2024/08/16 21:30:39 [notice] 1#1: built by gcc 12.2.0 (Debian 12.2.0-14) 
2024/08/16 21:30:39 [notice] 1#1: OS: Linux 5.15.153.1-microsoft-standard-WSL2
2024/08/16 21:30:39 [notice] 1#1: getrlimit(RLIMIT_NOFILE): 1048576:1048576
2024/08/16 21:30:39 [notice] 1#1: start worker processes
2024/08/16 21:30:39 [notice] 1#1: start worker process 20
2024/08/16 21:30:39 [notice] 1#1: start worker process 21
2024/08/16 21:30:39 [notice] 1#1: start worker process 22
2024/08/16 21:30:39 [notice] 1#1: start worker process 23
2024/08/16 21:30:39 [notice] 1#1: start worker process 24
2024/08/16 21:30:39 [notice] 1#1: start worker process 25
2024/08/16 21:30:39 [notice] 1#1: start worker process 26
2024/08/16 21:30:39 [notice] 1#1: start worker process 27
2024/08/16 21:30:39 [notice] 1#1: start worker process 28
2024/08/16 21:30:39 [notice] 1#1: start worker process 29
2024/08/16 21:30:39 [notice] 1#1: start worker process 30
2024/08/16 21:30:39 [notice] 1#1: start worker process 31
2024/08/16 21:40:04 [error] 20#20: *1 open() "/var/www/mysite.loc/favicon.ico" failed (2: No such file or directory), client: 172.19.0.1, server: mysite.loc, request: "GET /favicon.ico HTTP/1.1", host: "mysite.loc", referrer: "http://mysite.loc/"
2024/08/16 22:10:59 [error] 24#24: *7 "/var/www/mysite.loc/index.php" is not found (2: No such file or directory), client: 172.19.0.1, server: mysite.loc, request: "GET / HTTP/1.1", host: "mysite.loc"
2024/08/16 22:12:02 [error] 24#24: *7 "/var/www/mysite.loc/index.php" is not found (2: No such file or directory), client: 172.19.0.1, server: mysite.loc, request: "GET / HTTP/1.1", host: "mysite.loc"
2024/08/16 22:12:03 [error] 24#24: *7 "/var/www/mysite.loc/index.php" is not found (2: No such file or directory), client: 172.19.0.1, server: mysite.loc, request: "GET / HTTP/1.1", host: "mysite.loc"
2024/08/16 22:13:26 [error] 27#27: *10 directory index of "/var/www/mysite.loc/" is forbidden, client: 172.19.0.1, server: mysite.loc, request: "GET / HTTP/1.1", host: "mysite.loc"
2024/08/16 22:13:28 [error] 27#27: *10 directory index of "/var/www/mysite.loc/" is forbidden, client: 172.19.0.1, server: mysite.loc, request: "GET / HTTP/1.1", host: "mysite.loc"
2024/08/16 22:13:28 [error] 27#27: *10 directory index of "/var/www/mysite.loc/" is forbidden, client: 172.19.0.1, server: mysite.loc, request: "GET / HTTP/1.1", host: "mysite.loc"
2024/08/16 22:13:28 [error] 27#27: *10 directory index of "/var/www/mysite.loc/" is forbidden, client: 172.19.0.1, server: mysite.loc, request: "GET / HTTP/1.1", host: "mysite.loc"
2024/08/16 22:13:29 [error] 27#27: *10 directory index of "/var/www/mysite.loc/" is forbidden, client: 172.19.0.1, server: mysite.loc, request: "GET / HTTP/1.1", host: "mysite.loc"
2024/08/16 22:13:29 [error] 27#27: *10 directory index of "/var/www/mysite.loc/" is forbidden, client: 172.19.0.1, server: mysite.loc, request: "GET / HTTP/1.1", host: "mysite.loc"
2024/08/16 22:13:29 [error] 27#27: *10 directory index of "/var/www/mysite.loc/" is forbidden, client: 172.19.0.1, server: mysite.loc, request: "GET / HTTP/1.1", host: "mysite.loc"
2024/08/16 22:13:29 [error] 27#27: *10 directory index of "/var/www/mysite.loc/" is forbidden, client: 172.19.0.1, server: mysite.loc, request: "GET / HTTP/1.1", host: "mysite.loc"
2024/08/16 22:13:29 [error] 27#27: *10 directory index of "/var/www/mysite.loc/" is forbidden, client: 172.19.0.1, server: mysite.loc, request: "GET / HTTP/1.1", host: "mysite.loc"
2024/08/16 22:13:30 [error] 27#27: *10 directory index of "/var/www/mysite.loc/" is forbidden, client: 172.19.0.1, server: mysite.loc, request: "GET / HTTP/1.1", host: "mysite.loc"
2024/08/16 22:13:30 [error] 27#27: *10 directory index of "/var/www/mysite.loc/" is forbidden, client: 172.19.0.1, server: mysite.loc, request: "GET / HTTP/1.1", host: "mysite.loc"
2024/08/16 22:13:30 [error] 27#27: *10 directory index of "/var/www/mysite.loc/" is forbidden, client: 172.19.0.1, server: mysite.loc, request: "GET / HTTP/1.1", host: "mysite.loc"
2024/08/16 22:13:30 [error] 27#27: *10 directory index of "/var/www/mysite.loc/" is forbidden, client: 172.19.0.1, server: mysite.loc, request: "GET / HTTP/1.1", host: "mysite.loc"
2024/08/16 22:13:30 [error] 27#27: *10 directory index of "/var/www/mysite.loc/" is forbidden, client: 172.19.0.1, server: mysite.loc, request: "GET / HTTP/1.1", host: "mysite.loc"
2024/08/16 22:13:31 [error] 27#27: *10 directory index of "/var/www/mysite.loc/" is forbidden, client: 172.19.0.1, server: mysite.loc, request: "GET / HTTP/1.1", host: "mysite.loc"
2024/08/16 22:13:31 [error] 27#27: *10 directory index of "/var/www/mysite.loc/" is forbidden, client: 172.19.0.1, server: mysite.loc, request: "GET / HTTP/1.1", host: "mysite.loc"
2024/08/16 22:13:31 [error] 27#27: *10 directory index of "/var/www/mysite.loc/" is forbidden, client: 172.19.0.1, server: mysite.loc, request: "GET / HTTP/1.1", host: "mysite.loc"
2024/08/16 22:13:31 [error] 27#27: *10 directory index of "/var/www/mysite.loc/" is forbidden, client: 172.19.0.1, server: mysite.loc, request: "GET / HTTP/1.1", host: "mysite.loc"
2024/08/16 22:13:32 [error] 27#27: *10 directory index of "/var/www/mysite.loc/" is forbidden, client: 172.19.0.1, server: mysite.loc, request: "GET / HTTP/1.1", host: "mysite.loc"
2024/08/16 22:13:32 [error] 27#27: *10 directory index of "/var/www/mysite.loc/" is forbidden, client: 172.19.0.1, server: mysite.loc, request: "GET / HTTP/1.1", host: "mysite.loc"
2024/08/16 22:13:37 [error] 27#27: *10 directory index of "/var/www/mysite.loc/" is forbidden, client: 172.19.0.1, server: mysite.loc, request: "GET / HTTP/1.1", host: "mysite.loc"
2024/08/16 22:13:37 [error] 27#27: *10 directory index of "/var/www/mysite.loc/" is forbidden, client: 172.19.0.1, server: mysite.loc, request: "GET / HTTP/1.1", host: "mysite.loc"
2024/08/16 22:13:38 [error] 27#27: *10 directory index of "/var/www/mysite.loc/" is forbidden, client: 172.19.0.1, server: mysite.loc, request: "GET / HTTP/1.1", host: "mysite.loc"
2024/08/16 22:13:38 [error] 27#27: *10 directory index of "/var/www/mysite.loc/" is forbidden, client: 172.19.0.1, server: mysite.loc, request: "GET / HTTP/1.1", host: "mysite.loc"
2024/08/16 22:13:38 [error] 27#27: *10 directory index of "/var/www/mysite.loc/" is forbidden, client: 172.19.0.1, server: mysite.loc, request: "GET / HTTP/1.1", host: "mysite.loc"
2024/08/16 22:13:38 [error] 27#27: *10 directory index of "/var/www/mysite.loc/" is forbidden, client: 172.19.0.1, server: mysite.loc, request: "GET / HTTP/1.1", host: "mysite.loc"
2024/08/16 22:13:38 [error] 27#27: *10 directory index of "/var/www/mysite.loc/" is forbidden, client: 172.19.0.1, server: mysite.loc, request: "GET / HTTP/1.1", host: "mysite.loc"
2024/08/16 22:13:39 [error] 27#27: *10 directory index of "/var/www/mysite.loc/" is forbidden, client: 172.19.0.1, server: mysite.loc, request: "GET / HTTP/1.1", host: "mysite.loc"
2024/08/16 22:13:39 [error] 27#27: *10 directory index of "/var/www/mysite.loc/" is forbidden, client: 172.19.0.1, server: mysite.loc, request: "GET / HTTP/1.1", host: "mysite.loc"
2024/08/16 22:13:39 [error] 27#27: *10 directory index of "/var/www/mysite.loc/" is forbidden, client: 172.19.0.1, server: mysite.loc, request: "GET / HTTP/1.1", host: "mysite.loc"
2024/08/16 22:13:40 [error] 27#27: *10 directory index of "/var/www/mysite.loc/" is forbidden, client: 172.19.0.1, server: mysite.loc, request: "GET / HTTP/1.1", host: "mysite.loc"
2024/08/16 22:13:40 [error] 27#27: *10 directory index of "/var/www/mysite.loc/" is forbidden, client: 172.19.0.1, server: mysite.loc, request: "GET / HTTP/1.1", host: "mysite.loc"
2024/08/16 22:13:40 [error] 27#27: *10 directory index of "/var/www/mysite.loc/" is forbidden, client: 172.19.0.1, server: mysite.loc, request: "GET / HTTP/1.1", host: "mysite.loc"
2024/08/16 22:14:39 [error] 28#28: *12 directory index of "/var/www/mysite.loc/" is forbidden, client: 172.19.0.1, server: mysite.loc, request: "GET / HTTP/1.1", host: "yii.loc"
2024/08/16 22:14:39 [error] 28#28: *12 open() "/var/www/mysite.loc/favicon.ico" failed (2: No such file or directory), client: 172.19.0.1, server: mysite.loc, request: "GET /favicon.ico HTTP/1.1", host: "yii.loc", referrer: "http://yii.loc/"
2024/08/16 22:17:26 [notice] 1#1: signal 3 (SIGQUIT) received, shutting down
2024/08/16 22:17:26 [notice] 20#20: gracefully shutting down
2024/08/16 22:17:26 [notice] 31#31: gracefully shutting down
2024/08/16 22:17:26 [notice] 21#21: gracefully shutting down
2024/08/16 22:17:26 [notice] 22#22: gracefully shutting down
2024/08/16 22:17:26 [notice] 23#23: gracefully shutting down
2024/08/16 22:17:26 [notice] 24#24: gracefully shutting down
2024/08/16 22:17:26 [notice] 25#25: gracefully shutting down
2024/08/16 22:17:26 [notice] 26#26: gracefully shutting down
2024/08/16 22:17:26 [notice] 27#27: gracefully shutting down
2024/08/16 22:17:26 [notice] 28#28: gracefully shutting down
2024/08/16 22:17:26 [notice] 29#29: gracefully shutting down
2024/08/16 22:17:26 [notice] 30#30: gracefully shutting down
2024/08/16 22:17:26 [notice] 20#20: exiting
2024/08/16 22:17:26 [notice] 31#31: exiting
2024/08/16 22:17:26 [notice] 21#21: exiting
2024/08/16 22:17:26 [notice] 22#22: exiting
2024/08/16 22:17:26 [notice] 23#23: exiting
2024/08/16 22:17:26 [notice] 24#24: exiting
2024/08/16 22:17:26 [notice] 25#25: exiting
2024/08/16 22:17:26 [notice] 26#26: exiting
2024/08/16 22:17:26 [notice] 27#27: exiting
2024/08/16 22:17:26 [notice] 28#28: exiting
2024/08/16 22:17:26 [notice] 29#29: exiting
2024/08/16 22:17:26 [notice] 30#30: exiting
2024/08/16 22:17:26 [notice] 20#20: exit
2024/08/16 22:17:26 [notice] 31#31: exit
2024/08/16 22:17:26 [notice] 21#21: exit
2024/08/16 22:17:26 [notice] 22#22: exit
2024/08/16 22:17:26 [notice] 23#23: exit
2024/08/16 22:17:26 [notice] 24#24: exit
2024/08/16 22:17:26 [notice] 25#25: exit
2024/08/16 22:17:26 [notice] 26#26: exit
2024/08/16 22:17:26 [notice] 27#27: exit
2024/08/16 22:17:26 [notice] 28#28: exit
2024/08/16 22:17:26 [notice] 29#29: exit
2024/08/16 22:17:26 [notice] 30#30: exit
2024/08/16 22:17:26 [notice] 1#1: signal 17 (SIGCHLD) received from 22
2024/08/16 22:17:26 [notice] 1#1: worker process 20 exited with code 0
2024/08/16 22:17:26 [notice] 1#1: worker process 22 exited with code 0
2024/08/16 22:17:26 [notice] 1#1: worker process 23 exited with code 0
2024/08/16 22:17:26 [notice] 1#1: worker process 24 exited with code 0
2024/08/16 22:17:26 [notice] 1#1: worker process 25 exited with code 0
2024/08/16 22:17:26 [notice] 1#1: worker process 30 exited with code 0
2024/08/16 22:17:26 [notice] 1#1: worker process 31 exited with code 0
2024/08/16 22:17:26 [notice] 1#1: signal 29 (SIGIO) received
2024/08/16 22:17:26 [notice] 1#1: signal 17 (SIGCHLD) received from 30
2024/08/16 22:17:26 [notice] 1#1: signal 17 (SIGCHLD) received from 26
2024/08/16 22:17:26 [notice] 1#1: worker process 26 exited with code 0
2024/08/16 22:17:26 [notice] 1#1: signal 29 (SIGIO) received
2024/08/16 22:17:26 [notice] 1#1: signal 17 (SIGCHLD) received from 29
2024/08/16 22:17:26 [notice] 1#1: worker process 27 exited with code 0
2024/08/16 22:17:26 [notice] 1#1: worker process 29 exited with code 0
2024/08/16 22:17:26 [notice] 1#1: signal 29 (SIGIO) received
2024/08/16 22:17:26 [notice] 1#1: signal 17 (SIGCHLD) received from 27
2024/08/16 22:17:26 [notice] 1#1: signal 17 (SIGCHLD) received from 21
2024/08/16 22:17:26 [notice] 1#1: worker process 21 exited with code 0
2024/08/16 22:17:26 [notice] 1#1: signal 29 (SIGIO) received
2024/08/16 22:17:26 [notice] 1#1: signal 17 (SIGCHLD) received from 28
2024/08/16 22:17:26 [notice] 1#1: worker process 28 exited with code 0
2024/08/16 22:17:26 [notice] 1#1: exit
2024/08/16 22:17:28 [notice] 1#1: using the "epoll" event method
2024/08/16 22:17:28 [notice] 1#1: nginx/1.27.0
2024/08/16 22:17:28 [notice] 1#1: built by gcc 12.2.0 (Debian 12.2.0-14) 
2024/08/16 22:17:28 [notice] 1#1: OS: Linux 5.15.153.1-microsoft-standard-WSL2
2024/08/16 22:17:28 [notice] 1#1: getrlimit(RLIMIT_NOFILE): 1048576:1048576
2024/08/16 22:17:28 [notice] 1#1: start worker processes
2024/08/16 22:17:28 [notice] 1#1: start worker process 20
2024/08/16 22:17:28 [notice] 1#1: start worker process 21
2024/08/16 22:17:28 [notice] 1#1: start worker process 22
2024/08/16 22:17:28 [notice] 1#1: start worker process 23
2024/08/16 22:17:28 [notice] 1#1: start worker process 24
2024/08/16 22:17:28 [notice] 1#1: start worker process 25
2024/08/16 22:17:28 [notice] 1#1: start worker process 26
2024/08/16 22:17:28 [notice] 1#1: start worker process 27
2024/08/16 22:17:28 [notice] 1#1: start worker process 28
2024/08/16 22:17:28 [notice] 1#1: start worker process 29
2024/08/16 22:17:28 [notice] 1#1: start worker process 30
2024/08/16 22:17:28 [notice] 1#1: start worker process 31
2024/08/16 22:17:33 [error] 21#21: *2 directory index of "/var/www/mysite.loc/" is forbidden, client: 172.19.0.1, server: mysite.loc, request: "GET / HTTP/1.1", host: "yii.loc"
2024/08/16 22:17:34 [error] 21#21: *2 directory index of "/var/www/mysite.loc/" is forbidden, client: 172.19.0.1, server: mysite.loc, request: "GET / HTTP/1.1", host: "yii.loc"
2024/08/16 22:17:35 [error] 21#21: *2 directory index of "/var/www/mysite.loc/" is forbidden, client: 172.19.0.1, server: mysite.loc, request: "GET / HTTP/1.1", host: "yii.loc"
2024/08/16 22:17:35 [error] 21#21: *2 directory index of "/var/www/mysite.loc/" is forbidden, client: 172.19.0.1, server: mysite.loc, request: "GET / HTTP/1.1", host: "yii.loc"
2024/08/16 22:17:35 [error] 21#21: *2 directory index of "/var/www/mysite.loc/" is forbidden, client: 172.19.0.1, server: mysite.loc, request: "GET / HTTP/1.1", host: "yii.loc"
2024/08/16 22:17:35 [error] 21#21: *2 directory index of "/var/www/mysite.loc/" is forbidden, client: 172.19.0.1, server: mysite.loc, request: "GET / HTTP/1.1", host: "yii.loc"
2024/08/16 22:17:35 [error] 21#21: *2 directory index of "/var/www/mysite.loc/" is forbidden, client: 172.19.0.1, server: mysite.loc, request: "GET / HTTP/1.1", host: "yii.loc"
2024/08/16 22:17:44 [error] 21#21: *2 directory index of "/var/www/mysite.loc/" is forbidden, client: 172.19.0.1, server: mysite.loc, request: "GET / HTTP/1.1", host: "yii.loc"
2024/08/16 22:17:45 [error] 21#21: *2 directory index of "/var/www/mysite.loc/" is forbidden, client: 172.19.0.1, server: mysite.loc, request: "GET / HTTP/1.1", host: "yii.loc"
2024/08/16 22:17:45 [error] 21#21: *2 directory index of "/var/www/mysite.loc/" is forbidden, client: 172.19.0.1, server: mysite.loc, request: "GET / HTTP/1.1", host: "yii.loc"
2024/08/16 22:17:45 [error] 21#21: *2 directory index of "/var/www/mysite.loc/" is forbidden, client: 172.19.0.1, server: mysite.loc, request: "GET / HTTP/1.1", host: "yii.loc"
2024/08/16 22:17:45 [error] 21#21: *2 directory index of "/var/www/mysite.loc/" is forbidden, client: 172.19.0.1, server: mysite.loc, request: "GET / HTTP/1.1", host: "yii.loc"
2024/08/16 22:17:46 [error] 21#21: *2 directory index of "/var/www/mysite.loc/" is forbidden, client: 172.19.0.1, server: mysite.loc, request: "GET / HTTP/1.1", host: "yii.loc"
2024/08/16 22:17:46 [error] 21#21: *2 directory index of "/var/www/mysite.loc/" is forbidden, client: 172.19.0.1, server: mysite.loc, request: "GET / HTTP/1.1", host: "yii.loc"
2024/08/16 22:17:46 [error] 21#21: *2 directory index of "/var/www/mysite.loc/" is forbidden, client: 172.19.0.1, server: mysite.loc, request: "GET / HTTP/1.1", host: "yii.loc"
2024/08/16 22:17:46 [error] 21#21: *2 directory index of "/var/www/mysite.loc/" is forbidden, client: 172.19.0.1, server: mysite.loc, request: "GET / HTTP/1.1", host: "yii.loc"
2024/08/16 22:17:46 [error] 21#21: *2 directory index of "/var/www/mysite.loc/" is forbidden, client: 172.19.0.1, server: mysite.loc, request: "GET / HTTP/1.1", host: "yii.loc"
2024/08/16 22:17:46 [error] 21#21: *2 directory index of "/var/www/mysite.loc/" is forbidden, client: 172.19.0.1, server: mysite.loc, request: "GET / HTTP/1.1", host: "yii.loc"
2024/08/16 22:17:47 [error] 21#21: *2 directory index of "/var/www/mysite.loc/" is forbidden, client: 172.19.0.1, server: mysite.loc, request: "GET / HTTP/1.1", host: "yii.loc"
2024/08/16 22:17:47 [error] 21#21: *2 directory index of "/var/www/mysite.loc/" is forbidden, client: 172.19.0.1, server: mysite.loc, request: "GET / HTTP/1.1", host: "yii.loc"
2024/08/16 22:17:47 [error] 21#21: *2 directory index of "/var/www/mysite.loc/" is forbidden, client: 172.19.0.1, server: mysite.loc, request: "GET / HTTP/1.1", host: "yii.loc"
2024/08/16 22:17:48 [error] 21#21: *2 directory index of "/var/www/mysite.loc/" is forbidden, client: 172.19.0.1, server: mysite.loc, request: "GET / HTTP/1.1", host: "yii.loc"
2024/08/16 22:17:49 [error] 21#21: *2 directory index of "/var/www/mysite.loc/" is forbidden, client: 172.19.0.1, server: mysite.loc, request: "GET / HTTP/1.1", host: "yii.loc"
2024/08/16 22:17:49 [error] 21#21: *2 directory index of "/var/www/mysite.loc/" is forbidden, client: 172.19.0.1, server: mysite.loc, request: "GET / HTTP/1.1", host: "yii.loc"
2024/08/16 22:18:17 [error] 21#21: *2 directory index of "/var/www/mysite.loc/" is forbidden, client: 172.19.0.1, server: mysite.loc, request: "GET / HTTP/1.1", host: "yii.loc"
2024/08/16 22:18:18 [error] 21#21: *2 directory index of "/var/www/mysite.loc/" is forbidden, client: 172.19.0.1, server: mysite.loc, request: "GET / HTTP/1.1", host: "yii.loc"
2024/08/16 22:18:18 [error] 21#21: *2 directory index of "/var/www/mysite.loc/" is forbidden, client: 172.19.0.1, server: mysite.loc, request: "GET / HTTP/1.1", host: "yii.loc"
2024/08/16 22:18:18 [error] 21#21: *2 directory index of "/var/www/mysite.loc/" is forbidden, client: 172.19.0.1, server: mysite.loc, request: "GET / HTTP/1.1", host: "yii.loc"
2024/08/16 22:18:18 [error] 21#21: *2 directory index of "/var/www/mysite.loc/" is forbidden, client: 172.19.0.1, server: mysite.loc, request: "GET / HTTP/1.1", host: "yii.loc"
2024/08/16 22:18:24 [notice] 1#1: signal 3 (SIGQUIT) received, shutting down
2024/08/16 22:18:24 [notice] 20#20: gracefully shutting down
2024/08/16 22:18:24 [notice] 28#28: gracefully shutting down
2024/08/16 22:18:24 [notice] 21#21: gracefully shutting down
2024/08/16 22:18:24 [notice] 22#22: gracefully shutting down
2024/08/16 22:18:24 [notice] 22#22: exiting
2024/08/16 22:18:24 [notice] 23#23: gracefully shutting down
2024/08/16 22:18:24 [notice] 24#24: gracefully shutting down
2024/08/16 22:18:24 [notice] 25#25: gracefully shutting down
2024/08/16 22:18:24 [notice] 27#27: gracefully shutting down
2024/08/16 22:18:24 [notice] 26#26: gracefully shutting down
2024/08/16 22:18:24 [notice] 30#30: gracefully shutting down
2024/08/16 22:18:24 [notice] 29#29: gracefully shutting down
2024/08/16 22:18:24 [notice] 31#31: gracefully shutting down
2024/08/16 22:18:24 [notice] 28#28: exiting
2024/08/16 22:18:24 [notice] 21#21: exiting
2024/08/16 22:18:24 [notice] 22#22: exit
2024/08/16 22:18:24 [notice] 23#23: exiting
2024/08/16 22:18:24 [notice] 24#24: exiting
2024/08/16 22:18:24 [notice] 25#25: exiting
2024/08/16 22:18:24 [notice] 27#27: exiting
2024/08/16 22:18:24 [notice] 26#26: exiting
2024/08/16 22:18:24 [notice] 30#30: exiting
2024/08/16 22:18:24 [notice] 29#29: exiting
2024/08/16 22:18:24 [notice] 31#31: exiting
2024/08/16 22:18:24 [notice] 28#28: exit
2024/08/16 22:18:24 [notice] 21#21: exit
2024/08/16 22:18:24 [notice] 23#23: exit
2024/08/16 22:18:24 [notice] 24#24: exit
2024/08/16 22:18:24 [notice] 25#25: exit
2024/08/16 22:18:24 [notice] 27#27: exit
2024/08/16 22:18:24 [notice] 26#26: exit
2024/08/16 22:18:24 [notice] 30#30: exit
2024/08/16 22:18:24 [notice] 29#29: exit
2024/08/16 22:18:24 [notice] 31#31: exit
2024/08/16 22:18:24 [notice] 1#1: signal 17 (SIGCHLD) received from 25
2024/08/16 22:18:24 [notice] 1#1: worker process 25 exited with code 0
2024/08/16 22:18:24 [notice] 1#1: worker process 28 exited with code 0
2024/08/16 22:18:24 [notice] 1#1: signal 29 (SIGIO) received
2024/08/16 22:18:24 [notice] 1#1: signal 17 (SIGCHLD) received from 21
2024/08/16 22:18:24 [notice] 1#1: worker process 21 exited with code 0
2024/08/16 22:18:24 [notice] 1#1: worker process 23 exited with code 0
2024/08/16 22:18:24 [notice] 1#1: worker process 24 exited with code 0
2024/08/16 22:18:24 [notice] 1#1: worker process 26 exited with code 0
2024/08/16 22:18:24 [notice] 1#1: worker process 30 exited with code 0
2024/08/16 22:18:24 [notice] 1#1: signal 29 (SIGIO) received
2024/08/16 22:18:24 [notice] 1#1: signal 17 (SIGCHLD) received from 26
2024/08/16 22:18:24 [notice] 1#1: signal 17 (SIGCHLD) received from 22
2024/08/16 22:18:24 [notice] 1#1: worker process 22 exited with code 0
2024/08/16 22:18:24 [notice] 1#1: worker process 29 exited with code 0
2024/08/16 22:18:24 [notice] 1#1: signal 29 (SIGIO) received
2024/08/16 22:18:24 [notice] 1#1: signal 17 (SIGCHLD) received from 29
2024/08/16 22:18:24 [notice] 1#1: signal 17 (SIGCHLD) received from 27
2024/08/16 22:18:24 [notice] 1#1: worker process 27 exited with code 0
2024/08/16 22:18:24 [notice] 1#1: signal 29 (SIGIO) received
2024/08/16 22:18:24 [notice] 1#1: signal 17 (SIGCHLD) received from 31
2024/08/16 22:18:24 [notice] 1#1: worker process 31 exited with code 0
2024/08/16 22:18:24 [notice] 1#1: signal 29 (SIGIO) received
2024/08/16 22:18:33 [notice] 20#20: exiting
2024/08/16 22:18:33 [notice] 20#20: exit
2024/08/16 22:18:33 [notice] 1#1: signal 17 (SIGCHLD) received from 20
2024/08/16 22:18:33 [notice] 1#1: worker process 20 exited with code 0
2024/08/16 22:18:33 [notice] 1#1: exit
2024/08/16 22:18:35 [notice] 1#1: using the "epoll" event method
2024/08/16 22:18:35 [notice] 1#1: nginx/1.27.0
2024/08/16 22:18:35 [notice] 1#1: built by gcc 12.2.0 (Debian 12.2.0-14) 
2024/08/16 22:18:35 [notice] 1#1: OS: Linux 5.15.153.1-microsoft-standard-WSL2
2024/08/16 22:18:35 [notice] 1#1: getrlimit(RLIMIT_NOFILE): 1048576:1048576
2024/08/16 22:18:35 [notice] 1#1: start worker processes
2024/08/16 22:18:35 [notice] 1#1: start worker process 20
2024/08/16 22:18:35 [notice] 1#1: start worker process 21
2024/08/16 22:18:35 [notice] 1#1: start worker process 22
2024/08/16 22:18:35 [notice] 1#1: start worker process 23
2024/08/16 22:18:35 [notice] 1#1: start worker process 24
2024/08/16 22:18:35 [notice] 1#1: start worker process 25
2024/08/16 22:18:35 [notice] 1#1: start worker process 26
2024/08/16 22:18:35 [notice] 1#1: start worker process 27
2024/08/16 22:18:35 [notice] 1#1: start worker process 28
2024/08/16 22:18:35 [notice] 1#1: start worker process 29
2024/08/16 22:18:35 [notice] 1#1: start worker process 30
2024/08/16 22:18:35 [notice] 1#1: start worker process 31
2024/08/16 23:24:39 [notice] 1#1: signal 3 (SIGQUIT) received, shutting down
2024/08/16 23:24:39 [notice] 20#20: gracefully shutting down
2024/08/16 23:24:39 [notice] 30#30: gracefully shutting down
2024/08/16 23:24:39 [notice] 21#21: gracefully shutting down
2024/08/16 23:24:39 [notice] 21#21: exiting
2024/08/16 23:24:39 [notice] 22#22: gracefully shutting down
2024/08/16 23:24:39 [notice] 23#23: gracefully shutting down
2024/08/16 23:24:39 [notice] 24#24: gracefully shutting down
2024/08/16 23:24:39 [notice] 25#25: gracefully shutting down
2024/08/16 23:24:39 [notice] 25#25: exiting
2024/08/16 23:24:39 [notice] 26#26: gracefully shutting down
2024/08/16 23:24:39 [notice] 27#27: gracefully shutting down
2024/08/16 23:24:39 [notice] 28#28: gracefully shutting down
2024/08/16 23:24:39 [notice] 29#29: gracefully shutting down
2024/08/16 23:24:39 [notice] 20#20: exiting
2024/08/16 23:24:39 [notice] 31#31: gracefully shutting down
2024/08/16 23:24:39 [notice] 30#30: exiting
2024/08/16 23:24:39 [notice] 21#21: exit
2024/08/16 23:24:39 [notice] 22#22: exiting
2024/08/16 23:24:39 [notice] 23#23: exiting
2024/08/16 23:24:39 [notice] 24#24: exiting
2024/08/16 23:24:39 [notice] 25#25: exit
2024/08/16 23:24:39 [notice] 26#26: exiting
2024/08/16 23:24:39 [notice] 27#27: exiting
2024/08/16 23:24:39 [notice] 28#28: exiting
2024/08/16 23:24:39 [notice] 20#20: exit
2024/08/16 23:24:39 [notice] 31#31: exiting
2024/08/16 23:24:39 [notice] 30#30: exit
2024/08/16 23:24:39 [notice] 22#22: exit
2024/08/16 23:24:39 [notice] 23#23: exit
2024/08/16 23:24:39 [notice] 24#24: exit
2024/08/16 23:24:39 [notice] 26#26: exit
2024/08/16 23:24:39 [notice] 27#27: exit
2024/08/16 23:24:39 [notice] 28#28: exit
2024/08/16 23:24:39 [notice] 31#31: exit
2024/08/16 23:24:39 [notice] 1#1: signal 17 (SIGCHLD) received from 30
2024/08/16 23:24:39 [notice] 1#1: worker process 22 exited with code 0
2024/08/16 23:24:39 [notice] 1#1: worker process 25 exited with code 0
2024/08/16 23:24:39 [notice] 1#1: worker process 26 exited with code 0
2024/08/16 23:24:39 [notice] 1#1: worker process 27 exited with code 0
2024/08/16 23:24:39 [notice] 1#1: worker process 30 exited with code 0
2024/08/16 23:24:39 [notice] 1#1: signal 29 (SIGIO) received
2024/08/16 23:24:39 [notice] 1#1: signal 17 (SIGCHLD) received from 27
2024/08/16 23:24:39 [notice] 1#1: signal 17 (SIGCHLD) received from 20
2024/08/16 23:24:39 [notice] 1#1: worker process 20 exited with code 0
2024/08/16 23:24:39 [notice] 1#1: worker process 24 exited with code 0
2024/08/16 23:24:39 [notice] 1#1: signal 29 (SIGIO) received
2024/08/16 23:24:39 [notice] 1#1: signal 17 (SIGCHLD) received from 24
2024/08/16 23:24:39 [notice] 1#1: signal 17 (SIGCHLD) received from 31
2024/08/16 23:24:39 [notice] 1#1: worker process 23 exited with code 0
2024/08/16 23:24:39 [notice] 1#1: worker process 31 exited with code 0
2024/08/16 23:24:39 [notice] 1#1: signal 29 (SIGIO) received
2024/08/16 23:24:39 [notice] 1#1: signal 17 (SIGCHLD) received from 28
2024/08/16 23:24:39 [notice] 1#1: worker process 21 exited with code 0
2024/08/16 23:24:39 [notice] 1#1: worker process 28 exited with code 0
2024/08/16 23:24:39 [notice] 1#1: signal 29 (SIGIO) received
2024/08/16 23:24:39 [notice] 1#1: signal 17 (SIGCHLD) received from 21
2024/08/16 23:24:51 [emerg] 1#1: unknown "yii_bootstrap" variable
2024/08/16 23:27:20 [notice] 1#1: using the "epoll" event method
2024/08/16 23:27:20 [notice] 1#1: nginx/1.27.0
2024/08/16 23:27:20 [notice] 1#1: built by gcc 12.2.0 (Debian 12.2.0-14) 
2024/08/16 23:27:20 [notice] 1#1: OS: Linux 5.15.153.1-microsoft-standard-WSL2
2024/08/16 23:27:20 [notice] 1#1: getrlimit(RLIMIT_NOFILE): 1048576:1048576
2024/08/16 23:27:20 [notice] 1#1: start worker processes
2024/08/16 23:27:20 [notice] 1#1: start worker process 20
2024/08/16 23:27:20 [notice] 1#1: start worker process 21
2024/08/16 23:27:20 [notice] 1#1: start worker process 22
2024/08/16 23:27:20 [notice] 1#1: start worker process 23
2024/08/16 23:27:20 [notice] 1#1: start worker process 24
2024/08/16 23:27:20 [notice] 1#1: start worker process 25
2024/08/16 23:27:20 [notice] 1#1: start worker process 26
2024/08/16 23:27:20 [notice] 1#1: start worker process 27
2024/08/16 23:27:20 [notice] 1#1: start worker process 28
2024/08/16 23:27:20 [notice] 1#1: start worker process 29
2024/08/16 23:27:20 [notice] 1#1: start worker process 30
2024/08/16 23:27:20 [notice] 1#1: start worker process 31
2024/08/17 00:38:00 [notice] 1#1: signal 3 (SIGQUIT) received, shutting down
2024/08/17 00:38:00 [notice] 20#20: gracefully shutting down
2024/08/17 00:38:00 [notice] 29#29: gracefully shutting down
2024/08/17 00:38:00 [notice] 21#21: gracefully shutting down
2024/08/17 00:38:00 [notice] 22#22: gracefully shutting down
2024/08/17 00:38:00 [notice] 23#23: gracefully shutting down
2024/08/17 00:38:00 [notice] 25#25: gracefully shutting down
2024/08/17 00:38:00 [notice] 24#24: gracefully shutting down
2024/08/17 00:38:00 [notice] 26#26: gracefully shutting down
2024/08/17 00:38:00 [notice] 27#27: gracefully shutting down
2024/08/17 00:38:00 [notice] 30#30: gracefully shutting down
2024/08/17 00:38:00 [notice] 28#28: gracefully shutting down
2024/08/17 00:38:00 [notice] 20#20: exiting
2024/08/17 00:38:00 [notice] 31#31: gracefully shutting down
2024/08/17 00:38:00 [notice] 29#29: exiting
2024/08/17 00:38:00 [notice] 21#21: exiting
2024/08/17 00:38:00 [notice] 22#22: exiting
2024/08/17 00:38:00 [notice] 23#23: exiting
2024/08/17 00:38:00 [notice] 25#25: exiting
2024/08/17 00:38:00 [notice] 24#24: exiting
2024/08/17 00:38:00 [notice] 26#26: exiting
2024/08/17 00:38:00 [notice] 27#27: exiting
2024/08/17 00:38:00 [notice] 30#30: exiting
2024/08/17 00:38:00 [notice] 28#28: exiting
2024/08/17 00:38:00 [notice] 20#20: exit
2024/08/17 00:38:00 [notice] 31#31: exiting
2024/08/17 00:38:00 [notice] 29#29: exit
2024/08/17 00:38:00 [notice] 21#21: exit
2024/08/17 00:38:00 [notice] 22#22: exit
2024/08/17 00:38:00 [notice] 23#23: exit
2024/08/17 00:38:00 [notice] 25#25: exit
2024/08/17 00:38:00 [notice] 24#24: exit
2024/08/17 00:38:00 [notice] 26#26: exit
2024/08/17 00:38:00 [notice] 27#27: exit
2024/08/17 00:38:00 [notice] 30#30: exit
2024/08/17 00:38:00 [notice] 28#28: exit
2024/08/17 00:38:00 [notice] 31#31: exit
2024/08/17 00:38:00 [notice] 1#1: signal 17 (SIGCHLD) received from 24
2024/08/17 00:38:00 [notice] 1#1: worker process 20 exited with code 0
2024/08/17 00:38:00 [notice] 1#1: worker process 21 exited with code 0
2024/08/17 00:38:00 [notice] 1#1: worker process 22 exited with code 0
2024/08/17 00:38:00 [notice] 1#1: worker process 24 exited with code 0
2024/08/17 00:38:00 [notice] 1#1: worker process 26 exited with code 0
2024/08/17 00:38:00 [notice] 1#1: worker process 29 exited with code 0
2024/08/17 00:38:00 [notice] 1#1: worker process 30 exited with code 0
2024/08/17 00:38:00 [notice] 1#1: signal 29 (SIGIO) received
2024/08/17 00:38:00 [notice] 1#1: signal 17 (SIGCHLD) received from 29
2024/08/17 00:38:00 [notice] 1#1: signal 17 (SIGCHLD) received from 31
2024/08/17 00:38:00 [notice] 1#1: worker process 31 exited with code 0
2024/08/17 00:38:00 [notice] 1#1: worker process 23 exited with code 0
2024/08/17 00:38:00 [notice] 1#1: signal 29 (SIGIO) received
2024/08/17 00:38:00 [notice] 1#1: signal 17 (SIGCHLD) received from 23
2024/08/17 00:38:00 [notice] 1#1: signal 17 (SIGCHLD) received from 27
2024/08/17 00:38:00 [notice] 1#1: worker process 27 exited with code 0
2024/08/17 00:38:00 [notice] 1#1: worker process 28 exited with code 0
2024/08/17 00:38:00 [notice] 1#1: signal 29 (SIGIO) received
2024/08/17 00:38:00 [notice] 1#1: signal 17 (SIGCHLD) received from 25
2024/08/17 00:38:00 [notice] 1#1: worker process 25 exited with code 0
2024/08/17 00:38:00 [notice] 1#1: exit
2024/08/17 00:38:20 [notice] 1#1: using the "epoll" event method
2024/08/17 00:38:20 [notice] 1#1: nginx/1.27.0
2024/08/17 00:38:20 [notice] 1#1: built by gcc 12.2.0 (Debian 12.2.0-14) 
2024/08/17 00:38:20 [notice] 1#1: OS: Linux 5.15.153.1-microsoft-standard-WSL2
2024/08/17 00:38:20 [notice] 1#1: getrlimit(RLIMIT_NOFILE): 1048576:1048576
2024/08/17 00:38:20 [notice] 1#1: start worker processes
2024/08/17 00:38:20 [notice] 1#1: start worker process 20
2024/08/17 00:38:20 [notice] 1#1: start worker process 21
2024/08/17 00:38:20 [notice] 1#1: start worker process 22
2024/08/17 00:38:20 [notice] 1#1: start worker process 23
2024/08/17 00:38:20 [notice] 1#1: start worker process 24
2024/08/17 00:38:20 [notice] 1#1: start worker process 25
2024/08/17 00:38:20 [notice] 1#1: start worker process 26
2024/08/17 00:38:20 [notice] 1#1: start worker process 27
2024/08/17 00:38:20 [notice] 1#1: start worker process 28
2024/08/17 00:38:20 [notice] 1#1: start worker process 29
2024/08/17 00:38:20 [notice] 1#1: start worker process 30
2024/08/17 00:38:20 [notice] 1#1: start worker process 31
2024/08/17 00:44:49 [notice] 1#1: signal 3 (SIGQUIT) received, shutting down
2024/08/17 00:44:49 [notice] 21#21: gracefully shutting down
2024/08/17 00:44:49 [notice] 20#20: gracefully shutting down
2024/08/17 00:44:49 [notice] 22#22: gracefully shutting down
2024/08/17 00:44:49 [notice] 23#23: gracefully shutting down
2024/08/17 00:44:49 [notice] 24#24: gracefully shutting down
2024/08/17 00:44:49 [notice] 26#26: gracefully shutting down
2024/08/17 00:44:49 [notice] 25#25: gracefully shutting down
2024/08/17 00:44:49 [notice] 27#27: gracefully shutting down
2024/08/17 00:44:49 [notice] 28#28: gracefully shutting down
2024/08/17 00:44:49 [notice] 29#29: gracefully shutting down
2024/08/17 00:44:49 [notice] 30#30: gracefully shutting down
2024/08/17 00:44:49 [notice] 31#31: gracefully shutting down
2024/08/17 00:44:49 [notice] 21#21: exiting
2024/08/17 00:44:49 [notice] 20#20: exiting
2024/08/17 00:44:49 [notice] 22#22: exiting
2024/08/17 00:44:49 [notice] 23#23: exiting
2024/08/17 00:44:49 [notice] 24#24: exiting
2024/08/17 00:44:49 [notice] 26#26: exiting
2024/08/17 00:44:49 [notice] 25#25: exiting
2024/08/17 00:44:49 [notice] 27#27: exiting
2024/08/17 00:44:49 [notice] 28#28: exiting
2024/08/17 00:44:49 [notice] 29#29: exiting
2024/08/17 00:44:49 [notice] 30#30: exiting
2024/08/17 00:44:49 [notice] 31#31: exiting
2024/08/17 00:44:49 [notice] 21#21: exit
2024/08/17 00:44:49 [notice] 20#20: exit
2024/08/17 00:44:49 [notice] 22#22: exit
2024/08/17 00:44:49 [notice] 23#23: exit
2024/08/17 00:44:49 [notice] 24#24: exit
2024/08/17 00:44:49 [notice] 26#26: exit
2024/08/17 00:44:49 [notice] 25#25: exit
2024/08/17 00:44:49 [notice] 27#27: exit
2024/08/17 00:44:49 [notice] 28#28: exit
2024/08/17 00:44:49 [notice] 29#29: exit
2024/08/17 00:44:49 [notice] 30#30: exit
2024/08/17 00:44:49 [notice] 31#31: exit
2024/08/17 00:44:49 [notice] 1#1: signal 17 (SIGCHLD) received from 20
2024/08/17 00:44:49 [notice] 1#1: worker process 20 exited with code 0
2024/08/17 00:44:49 [notice] 1#1: worker process 21 exited with code 0
2024/08/17 00:44:49 [notice] 1#1: worker process 22 exited with code 0
2024/08/17 00:44:49 [notice] 1#1: worker process 23 exited with code 0
2024/08/17 00:44:49 [notice] 1#1: worker process 24 exited with code 0
2024/08/17 00:44:49 [notice] 1#1: worker process 25 exited with code 0
2024/08/17 00:44:49 [notice] 1#1: worker process 26 exited with code 0
2024/08/17 00:44:49 [notice] 1#1: worker process 28 exited with code 0
2024/08/17 00:44:49 [notice] 1#1: worker process 30 exited with code 0
2024/08/17 00:44:49 [notice] 1#1: worker process 31 exited with code 0
2024/08/17 00:44:49 [notice] 1#1: signal 29 (SIGIO) received
2024/08/17 00:44:49 [notice] 1#1: signal 17 (SIGCHLD) received from 30
2024/08/17 00:44:49 [notice] 1#1: signal 17 (SIGCHLD) received from 27
2024/08/17 00:44:49 [notice] 1#1: worker process 27 exited with code 0
2024/08/17 00:44:49 [notice] 1#1: worker process 29 exited with code 0
2024/08/17 00:44:49 [notice] 1#1: exit
2024/08/17 18:24:41 [notice] 1#1: using the "epoll" event method
2024/08/17 18:24:41 [notice] 1#1: nginx/1.27.0
2024/08/17 18:24:41 [notice] 1#1: built by gcc 12.2.0 (Debian 12.2.0-14) 
2024/08/17 18:24:41 [notice] 1#1: OS: Linux 5.15.153.1-microsoft-standard-WSL2
2024/08/17 18:24:41 [notice] 1#1: getrlimit(RLIMIT_NOFILE): 1048576:1048576
2024/08/17 18:24:41 [notice] 1#1: start worker processes
2024/08/17 18:24:41 [notice] 1#1: start worker process 20
2024/08/17 18:24:41 [notice] 1#1: start worker process 21
2024/08/17 18:24:41 [notice] 1#1: start worker process 22
2024/08/17 18:24:41 [notice] 1#1: start worker process 23
2024/08/17 18:24:41 [notice] 1#1: start worker process 24
2024/08/17 18:24:41 [notice] 1#1: start worker process 25
2024/08/17 18:24:41 [notice] 1#1: start worker process 26
2024/08/17 18:24:41 [notice] 1#1: start worker process 27
2024/08/17 18:24:41 [notice] 1#1: start worker process 28
2024/08/17 18:24:41 [notice] 1#1: start worker process 29
2024/08/17 18:24:41 [notice] 1#1: start worker process 30
2024/08/17 18:24:41 [notice] 1#1: start worker process 31
2024/08/17 19:13:34 [error] 21#21: *28 "/var/www/mysite.loc/rabbit/index.php" is not found (2: No such file or directory), client: 172.19.0.1, server: mysite.loc, request: "GET /rabbit/ HTTP/1.1", host: "mysite.loc"
2024/08/17 19:13:36 [error] 21#21: *28 open() "/var/www/mysite.loc/favicon.ico" failed (2: No such file or directory), client: 172.19.0.1, server: mysite.loc, request: "GET /favicon.ico HTTP/1.1", host: "mysite.loc", referrer: "http://mysite.loc/"
2024/08/17 21:19:33 [notice] 1#1: signal 3 (SIGQUIT) received, shutting down
2024/08/17 21:19:33 [notice] 21#21: gracefully shutting down
2024/08/17 21:19:33 [notice] 20#20: gracefully shutting down
2024/08/17 21:19:33 [notice] 24#24: gracefully shutting down
2024/08/17 21:19:33 [notice] 23#23: gracefully shutting down
2024/08/17 21:19:33 [notice] 25#25: gracefully shutting down
2024/08/17 21:19:33 [notice] 22#22: gracefully shutting down
2024/08/17 21:19:33 [notice] 20#20: exiting
2024/08/17 21:19:33 [notice] 31#31: gracefully shutting down
2024/08/17 21:19:33 [notice] 23#23: exiting
2024/08/17 21:19:33 [notice] 22#22: exiting
2024/08/17 21:19:33 [notice] 20#20: exit
2024/08/17 21:19:33 [notice] 26#26: gracefully shutting down
2024/08/17 21:19:33 [notice] 25#25: exiting
2024/08/17 21:19:33 [notice] 28#28: gracefully shutting down
2024/08/17 21:19:33 [notice] 25#25: exit
2024/08/17 21:19:33 [notice] 28#28: exiting
2024/08/17 21:19:33 [notice] 30#30: gracefully shutting down
2024/08/17 21:19:33 [notice] 28#28: exit
2024/08/17 21:19:33 [notice] 30#30: exiting
2024/08/17 21:19:33 [notice] 29#29: gracefully shutting down
2024/08/17 21:19:33 [notice] 24#24: exiting
2024/08/17 21:19:33 [notice] 21#21: exiting
2024/08/17 21:19:33 [notice] 31#31: exiting
2024/08/17 21:19:33 [notice] 23#23: exit
2024/08/17 21:19:33 [notice] 27#27: gracefully shutting down
2024/08/17 21:19:33 [notice] 22#22: exit
2024/08/17 21:19:33 [notice] 31#31: exit
2024/08/17 21:19:33 [notice] 26#26: exiting
2024/08/17 21:19:33 [notice] 29#29: exiting
2024/08/17 21:19:33 [notice] 30#30: exit
2024/08/17 21:19:33 [notice] 24#24: exit
2024/08/17 21:19:33 [notice] 21#21: exit
2024/08/17 21:19:33 [notice] 26#26: exit
2024/08/17 21:19:33 [notice] 29#29: exit
2024/08/17 21:19:33 [notice] 27#27: exiting
2024/08/17 21:19:33 [notice] 27#27: exit
2024/08/17 21:19:34 [notice] 1#1: signal 17 (SIGCHLD) received from 27
2024/08/17 21:19:34 [notice] 1#1: worker process 25 exited with code 0
2024/08/17 21:19:34 [notice] 1#1: worker process 27 exited with code 0
2024/08/17 21:19:34 [notice] 1#1: signal 29 (SIGIO) received
2024/08/17 21:19:34 [notice] 1#1: signal 17 (SIGCHLD) received from 31
2024/08/17 21:19:34 [notice] 1#1: worker process 31 exited with code 0
2024/08/17 21:19:34 [notice] 1#1: signal 29 (SIGIO) received
2024/08/17 21:19:34 [notice] 1#1: signal 17 (SIGCHLD) received from 24
2024/08/17 21:19:34 [notice] 1#1: worker process 20 exited with code 0
2024/08/17 21:19:34 [notice] 1#1: worker process 24 exited with code 0
2024/08/17 21:19:34 [notice] 1#1: worker process 29 exited with code 0
2024/08/17 21:19:34 [notice] 1#1: signal 29 (SIGIO) received
2024/08/17 21:19:34 [notice] 1#1: signal 17 (SIGCHLD) received from 29
2024/08/17 21:19:34 [notice] 1#1: signal 17 (SIGCHLD) received from 26
2024/08/17 21:19:34 [notice] 1#1: worker process 22 exited with code 0
2024/08/17 21:19:34 [notice] 1#1: worker process 23 exited with code 0
2024/08/17 21:19:34 [notice] 1#1: worker process 26 exited with code 0
2024/08/17 21:19:34 [notice] 1#1: worker process 28 exited with code 0
2024/08/17 21:19:34 [notice] 1#1: signal 29 (SIGIO) received
2024/08/17 21:19:34 [notice] 1#1: signal 17 (SIGCHLD) received from 22
2024/08/17 21:19:34 [notice] 1#1: signal 17 (SIGCHLD) received from 30
2024/08/17 21:19:34 [notice] 1#1: worker process 21 exited with code 0
2024/08/17 21:19:34 [notice] 1#1: worker process 30 exited with code 0
2024/08/17 21:19:34 [notice] 1#1: exit
